<?xml version="1.0" encoding="UTF-8"?>
<testsuite xmlns:xsi="http://www.w3.org/2001/XMLSchema-instance" xsi:noNamespaceSchemaLocation="https://maven.apache.org/surefire/maven-surefire-plugin/xsd/surefire-test-report.xsd" name="mx.tec.lab.TestHtmlApplicationTests" time="101.6" tests="7" errors="0" skipped="0" failures="0">
  <properties>
[...]
</properties>
  <testcase name="givenAClient_whenSearchingEmptyString_thenPleaseEnterDisplayed" classname="mx.tec.lab.TestHtmlApplicationTests" time="21.788"/>
  <testcase name="givenAClient_whenEnteringAutomationPractice_thenPageTitleIsCorrect" classname="mx.tec.lab.TestHtmlApplicationTests" time="7.449"/>
  <testcase name="givenAClient_whenSearchingNotExistingProduct_thenNoResultsDisplayed" classname="mx.tec.lab.TestHtmlApplicationTests" time="23.784"/>
  <testcase name="givenAClient_whenEnteringLoginCredentials_thenAccountPageIsDisplayed" classname="mx.tec.lab.TestHtmlApplicationTests" time="11.606"/>
  <testcase name="givenAClient_whenSigningOut_thenAuthenticationPageIsDisplayed" classname="mx.tec.lab.TestHtmlApplicationTests" time="16.964"/>
  <testcase name="givenAClient_whenEnteringWrongLoginCredentials_thenAuthenticationPageIsDisplayed" classname="mx.tec.lab.TestHtmlApplicationTests" time="10.066"/>
  <testcase name="givenAClient_whenEnteringWrongLoginCredentials_thenErrorMessageIsDisplayed" classname="mx.tec.lab.TestHtmlApplicationTests" time="8.653"/>
</testsuite>